<?xml version="1.0" encoding="UTF-8"?>
<testsuite name="data.TeamEnumTest" tests="2" skipped="0" failures="0" errors="0" timestamp="2019-04-30T15:28:52" hostname="Markos-MacBook-Pro.local" time="0.001">
  <properties/>
  <testcase name="getName" classname="data.TeamEnumTest" time="0.001"/>
  <testcase name="getTeam" classname="data.TeamEnumTest" time="0.0"/>
  <system-out><![CDATA[]]></system-out>
  <system-err><![CDATA[]]></system-err>
</testsuite>
